<?xml version="1.0" encoding="UTF-8"?>
<!-- Generated by org.testng.reporters.JUnitReportReporter -->
<testsuite hostname="Santosh-Dell" failures="0" tests="1" name="com.bursys.org.tests.TestScenario_1" time="6.774" errors="0" timestamp="2023-04-08T15:50:59 IST" skipped="0">
  <testcase classname="com.bursys.org.tests.TestScenario_1" name="login" time="6.774"/>
  <system-out/>
</testsuite> <!-- com.bursys.org.tests.TestScenario_1 -->
